<?xml version="1.0" encoding="UTF-8"?>
<!-- Generated by org.testng.reporters.JUnitReportReporter -->
<testsuite skipped="0" hostname="DESKTOP-M0K5BIV" name="TestSelenium.TestSelenium.TestNGTest" tests="2" failures="0" timestamp="2019-10-01T21:12:15 IST" time="0.024" errors="0">
  <testcase name="f" time="0.004" classname="TestSelenium.TestSelenium.TestNGTest"/>
  <testcase name="f" time="0.020" classname="TestSelenium.TestSelenium.TestNGTest"/>
</testsuite> <!-- TestSelenium.TestSelenium.TestNGTest -->
