<?xml version="1.0" encoding="UTF-8"?>
<!-- Generated by org.testng.reporters.JUnitReportReporter -->
<testsuite hostname="ind-vpawar" name="TestSelenium.TestSelenium.NewTest" tests="2" failures="0" timestamp="4 Oct 2019 06:22:26 GMT" time="0.006" errors="0">
  <testcase name="f" time="0.001" classname="TestSelenium.TestSelenium.NewTest"/>
  <testcase name="f" time="0.005" classname="TestSelenium.TestSelenium.NewTest"/>
</testsuite> <!-- TestSelenium.TestSelenium.NewTest -->
